-------------------------------------------------------------------------------
Test set: com.eventoapp.eventoapp.EventoappApplicationTests
-------------------------------------------------------------------------------
Tests run: 1, Failures: 0, Errors: 1, Skipped: 0, Time elapsed: 20.277 s <<< FAILURE! - in com.eventoapp.eventoapp.EventoappApplicationTests
contextLoads(com.eventoapp.eventoapp.EventoappApplicationTests)  Time elapsed: 0.044 s  <<< ERROR!
java.lang.IllegalStateException: Failed to load ApplicationContext
Caused by: org.springframework.beans.factory.BeanCreationException: Error creating bean with name 'entityManagerFactory' defined in class path resource [org/springframework/boot/autoconfigure/orm/jpa/HibernateJpaConfiguration.class]: Invocation of init method failed; nested exception is javax.persistence.PersistenceException: [PersistenceUnit: default] Unable to build Hibernate SessionFactory; nested exception is org.hibernate.exception.JDBCConnectionException: Unable to open JDBC Connection for DDL execution
Caused by: javax.persistence.PersistenceException: [PersistenceUnit: default] Unable to build Hibernate SessionFactory; nested exception is org.hibernate.exception.JDBCConnectionException: Unable to open JDBC Connection for DDL execution
Caused by: org.hibernate.exception.JDBCConnectionException: Unable to open JDBC Connection for DDL execution
Caused by: com.mysql.jdbc.exceptions.jdbc4.CommunicationsException: 
Communications link failure

Last packet sent to the server was 0 ms ago.
Caused by: java.net.ConnectException: Connection refused (Connection refused)

